<?xml version="1.0" encoding="UTF-8"?>
<!-- Generated by org.testng.reporters.JUnitXMLReporter -->
<testsuite hostname="LAPTOP-TL166BMP" ignored="5" name="Test" tests="13" failures="3" timestamp="15 Jan 2019 17:03:52 GMT" time="359.787" errors="0">
  <testcase name="testA1" time="0.02" classname="script.TestA">
    <failure type="java.lang.AssertionError">
      <![CDATA[java.lang.AssertionError
at org.junit.Assert.fail(Assert.java:86)
at org.junit.Assert.fail(Assert.java:95)
at script.TestA.testA1(TestA.java:16)
... Removed 25 stack frames]]>
    </failure>
  </testcase> <!-- testA1 -->
  <testcase name="testA1" time="0.0" classname="script.TestB">
    <failure type="java.lang.AssertionError">
      <![CDATA[java.lang.AssertionError
at org.junit.Assert.fail(Assert.java:86)
at org.junit.Assert.fail(Assert.java:95)
at script.TestB.testA1(TestB.java:39)
... Removed 25 stack frames]]>
    </failure>
  </testcase> <!-- testA1 -->
  <testcase name="testA2" time="0.0" classname="script.TestB"/>
  <testcase name="testA3" time="0.0" classname="script.TestB"/>
  <testcase name="testA" time="0.002" classname="script.TestREport"/>
  <testcase name="testA1" time="0.002" classname="script.TestREport"/>
  <testcase name="testA2" time="0.002" classname="script.TestREport"/>
  <testcase name="testA3" time="0.001" classname="script.TestREport"/>
  <testcase name="testA4" time="0.005" classname="script.TestREport">
    <failure type="java.lang.AssertionError" message="null">
      <![CDATA[java.lang.AssertionError: null
at script.TestREport.testA4(TestREport.java:43)
... Removed 27 stack frames]]>
    </failure>
  </testcase> <!-- testA4 -->
  <testcase name="testA" time="2.56" classname="script.TestUtil"/>
  <testcase name="testCheckIssueDate" time="13.402" classname="script.CheckIssueDate"/>
  <testcase name="testValidLOgin" time="2.073" classname="script.ValidLogin"/>
  <testcase name="testInvalidLogin" time="0.728" classname="script.InvalidLogin"/>
  <testcase name="@AfterSuite writeReport" time="0.0" classname="generic.BaseTest">
    <ignored/>
  </testcase> <!-- @AfterSuite writeReport -->
  <testcase name="@AfterSuite writeReport" time="0.0" classname="generic.BaseTest">
    <ignored/>
  </testcase> <!-- @AfterSuite writeReport -->
  <testcase name="@AfterSuite writeReport" time="0.0" classname="generic.BaseTest">
    <ignored/>
  </testcase> <!-- @AfterSuite writeReport -->
  <testcase name="@AfterSuite writeReport" time="0.0" classname="generic.BaseTest">
    <ignored/>
  </testcase> <!-- @AfterSuite writeReport -->
  <testcase name="@AfterSuite writeReport" time="0.0" classname="generic.BaseTest">
    <ignored/>
  </testcase> <!-- @AfterSuite writeReport -->
</testsuite> <!-- Test -->
