<?xml version="1.0" encoding="UTF-8"?>
<testng-results skipped="0" failed="0" ignored="0" total="1" passed="1">
  <reporter-output>
  </reporter-output>
  <suite name="Default suite" duration-ms="211534" started-at="2019-03-17T07:27:15Z" finished-at="2019-03-17T07:30:47Z">
    <groups>
    </groups>
    <test name="Default test" duration-ms="211534" started-at="2019-03-17T07:27:15Z" finished-at="2019-03-17T07:30:47Z">
      <class name="TY.DemoUrban2">
        <test-method status="PASS" signature="Run()[pri:0, instance:TY.DemoUrban2@7823a2f9]" name="Run" duration-ms="211455" started-at="2019-03-17T07:27:15Z" finished-at="2019-03-17T07:30:47Z">
          <reporter-output>
          </reporter-output>
        </test-method> <!-- Run -->
      </class> <!-- TY.DemoUrban2 -->
    </test> <!-- Default test -->
  </suite> <!-- Default suite -->
</testng-results>
