<?xml version="1.0" encoding="UTF-8"?>
<testng-results skipped="0" failed="0" ignored="0" total="3" passed="3">
  <reporter-output>
    <line>
      <![CDATA[testA1]]>
    </line>
    <line>
      <![CDATA[testA2]]>
    </line>
    <line>
      <![CDATA[testA3]]>
    </line>
  </reporter-output>
  <suite name="Suite" duration-ms="122" started-at="2019-04-01T12:24:57Z" finished-at="2019-04-01T12:24:57Z">
    <groups>
    </groups>
    <test name="Test" duration-ms="122" started-at="2019-04-01T12:24:57Z" finished-at="2019-04-01T12:24:57Z">
      <class name="script.TestB">
        <test-method status="PASS" signature="testA1()[pri:0, instance:script.TestB@13b6d03]" name="testA1" duration-ms="21" started-at="2019-04-01T12:24:57Z" finished-at="2019-04-01T12:24:57Z">
          <reporter-output>
            <line>
              <![CDATA[testA1]]>
            </line>
          </reporter-output>
        </test-method> <!-- testA1 -->
        <test-method status="PASS" signature="closeApp(org.testng.ITestResult)[pri:0, instance:script.TestB@13b6d03]" name="closeApp" is-config="true" duration-ms="2" started-at="2019-04-01T12:24:57Z" finished-at="2019-04-01T12:24:57Z">
          <params>
            <param index="0">
              <value>
                <![CDATA[[TestResult name=testA1 status=SUCCESS method=TestB.testA1()[pri:0, instance:script.TestB@13b6d03] output=testA1]]]>
              </value>
            </param>
          </params>
          <reporter-output>
          </reporter-output>
        </test-method> <!-- closeApp -->
        <test-method status="PASS" signature="testA2()[pri:0, instance:script.TestB@13b6d03]" name="testA2" duration-ms="4" started-at="2019-04-01T12:24:57Z" finished-at="2019-04-01T12:24:57Z">
          <reporter-output>
            <line>
              <![CDATA[testA2]]>
            </line>
          </reporter-output>
        </test-method> <!-- testA2 -->
        <test-method status="PASS" signature="closeApp(org.testng.ITestResult)[pri:0, instance:script.TestB@13b6d03]" name="closeApp" is-config="true" duration-ms="2" started-at="2019-04-01T12:24:57Z" finished-at="2019-04-01T12:24:57Z">
          <params>
            <param index="0">
              <value>
                <![CDATA[[TestResult name=testA2 status=SUCCESS method=TestB.testA2()[pri:0, instance:script.TestB@13b6d03] output=testA2]]]>
              </value>
            </param>
          </params>
          <reporter-output>
          </reporter-output>
        </test-method> <!-- closeApp -->
        <test-method status="PASS" signature="testA3()[pri:0, instance:script.TestB@13b6d03]" name="testA3" duration-ms="1" started-at="2019-04-01T12:24:57Z" finished-at="2019-04-01T12:24:57Z">
          <reporter-output>
            <line>
              <![CDATA[testA3]]>
            </line>
          </reporter-output>
        </test-method> <!-- testA3 -->
        <test-method status="PASS" signature="closeApp(org.testng.ITestResult)[pri:0, instance:script.TestB@13b6d03]" name="closeApp" is-config="true" duration-ms="0" started-at="2019-04-01T12:24:57Z" finished-at="2019-04-01T12:24:57Z">
          <params>
            <param index="0">
              <value>
                <![CDATA[[TestResult name=testA3 status=SUCCESS method=TestB.testA3()[pri:0, instance:script.TestB@13b6d03] output=testA3]]]>
              </value>
            </param>
          </params>
          <reporter-output>
          </reporter-output>
        </test-method> <!-- closeApp -->
        <test-method status="PASS" signature="end()[pri:0, instance:script.TestB@13b6d03]" name="end" is-config="true" duration-ms="2" started-at="2019-04-01T12:24:58Z" finished-at="2019-04-01T12:24:58Z">
          <reporter-output>
          </reporter-output>
        </test-method> <!-- end -->
      </class> <!-- script.TestB -->
    </test> <!-- Test -->
  </suite> <!-- Suite -->
</testng-results>
